<?xml version="1.0" encoding="UTF-8"?>
<testsuite name="ru.stqa.pft.addressbook.GroupCreationTest" tests="1" skipped="0" failures="0" errors="0" timestamp="2021-10-27T12:03:04" hostname="LAPTOP-SUS3310D" time="5.916">
  <properties/>
  <testcase name="GroupCreationTest" classname="ru.stqa.pft.addressbook.GroupCreationTest" time="5.916"/>
  <system-out><![CDATA[]]></system-out>
  <system-err><![CDATA[Starting ChromeDriver 94.0.4606.61 (418b78f5838ed0b1c69bb4e51ea0252171854915-refs/branch-heads/4606@{#1204}) on port 32567
Only local connections are allowed.
Please see https://chromedriver.chromium.org/security-considerations for suggestions on keeping ChromeDriver safe.
ChromeDriver was started successfully.
[1635336183.887][WARNING]: This version of ChromeDriver has not been tested with Chrome version 95.
]]></system-err>
</testsuite>
